[2026-02-26T09:39:29.186+0000] {local_task_job_runner.py:120} INFO - ::group::Pre task execution logs
[2026-02-26T09:39:29.206+0000] {taskinstance.py:2073} INFO - Dependencies all met for dep_context=non-requeueable deps ti=<TaskInstance: elt_duckdb_pipeline.limpiar_tablas manual__2026-02-26T09:37:13.455202+00:00 [queued]>
[2026-02-26T09:39:29.212+0000] {taskinstance.py:2073} INFO - Dependencies all met for dep_context=requeueable deps ti=<TaskInstance: elt_duckdb_pipeline.limpiar_tablas manual__2026-02-26T09:37:13.455202+00:00 [queued]>
[2026-02-26T09:39:29.213+0000] {taskinstance.py:2303} INFO - Starting attempt 2 of 2
[2026-02-26T09:39:29.227+0000] {taskinstance.py:2327} INFO - Executing <Task(_PythonDecoratedOperator): limpiar_tablas> on 2026-02-26 09:37:13.455202+00:00
[2026-02-26T09:39:29.241+0000] {warnings.py:110} WARNING - /home/***/.local/lib/python3.12/site-packages/***/task/task_runner/standard_task_runner.py:61: DeprecationWarning: This process (pid=149) is multi-threaded, use of fork() may lead to deadlocks in the child.
  pid = os.fork()

[2026-02-26T09:39:29.243+0000] {standard_task_runner.py:63} INFO - Started process 151 to run task
[2026-02-26T09:39:29.241+0000] {standard_task_runner.py:90} INFO - Running: ['***', 'tasks', 'run', 'elt_duckdb_pipeline', 'limpiar_tablas', 'manual__2026-02-26T09:37:13.455202+00:00', '--job-id', '39', '--raw', '--subdir', 'DAGS_FOLDER/elt_duckdb_pipeline.py', '--cfg-path', '/tmp/tmpgtt2bvhe']
[2026-02-26T09:39:29.244+0000] {standard_task_runner.py:91} INFO - Job 39: Subtask limpiar_tablas
[2026-02-26T09:39:29.278+0000] {task_command.py:426} INFO - Running <TaskInstance: elt_duckdb_pipeline.limpiar_tablas manual__2026-02-26T09:37:13.455202+00:00 [running]> on host 27b7fbfc811d
[2026-02-26T09:39:29.347+0000] {taskinstance.py:2644} INFO - Exporting env vars: AIRFLOW_CTX_DAG_OWNER='data_engineer' AIRFLOW_CTX_DAG_ID='elt_duckdb_pipeline' AIRFLOW_CTX_TASK_ID='limpiar_tablas' AIRFLOW_CTX_EXECUTION_DATE='2026-02-26T09:37:13.455202+00:00' AIRFLOW_CTX_TRY_NUMBER='2' AIRFLOW_CTX_DAG_RUN_ID='manual__2026-02-26T09:37:13.455202+00:00'
[2026-02-26T09:39:29.348+0000] {taskinstance.py:430} INFO - ::endgroup::
[2026-02-26T09:39:29.726+0000] {taskinstance.py:441} INFO - ::group::Post task execution logs
[2026-02-26T09:39:29.727+0000] {taskinstance.py:2890} ERROR - Task failed with exception
Traceback (most recent call last):
  File "/home/airflow/.local/lib/python3.12/site-packages/airflow/models/taskinstance.py", line 465, in _execute_task
    result = _execute_callable(context=context, **execute_callable_kwargs)
             ^^^^^^^^^^^^^^^^^^^^^^^^^^^^^^^^^^^^^^^^^^^^^^^^^^^^^^^^^^^^^
  File "/home/airflow/.local/lib/python3.12/site-packages/airflow/models/taskinstance.py", line 432, in _execute_callable
    return execute_callable(context=context, **execute_callable_kwargs)
           ^^^^^^^^^^^^^^^^^^^^^^^^^^^^^^^^^^^^^^^^^^^^^^^^^^^^^^^^^^^^
  File "/home/airflow/.local/lib/python3.12/site-packages/airflow/models/baseoperator.py", line 400, in wrapper
    return func(self, *args, **kwargs)
           ^^^^^^^^^^^^^^^^^^^^^^^^^^^
  File "/home/airflow/.local/lib/python3.12/site-packages/airflow/decorators/base.py", line 265, in execute
    return_value = super().execute(context)
                   ^^^^^^^^^^^^^^^^^^^^^^^^
  File "/home/airflow/.local/lib/python3.12/site-packages/airflow/models/baseoperator.py", line 400, in wrapper
    return func(self, *args, **kwargs)
           ^^^^^^^^^^^^^^^^^^^^^^^^^^^
  File "/home/airflow/.local/lib/python3.12/site-packages/airflow/operators/python.py", line 235, in execute
    return_value = self.execute_callable()
                   ^^^^^^^^^^^^^^^^^^^^^^^
  File "/home/airflow/.local/lib/python3.12/site-packages/airflow/operators/python.py", line 252, in execute_callable
    return self.python_callable(*self.op_args, **self.op_kwargs)
           ^^^^^^^^^^^^^^^^^^^^^^^^^^^^^^^^^^^^^^^^^^^^^^^^^^^^^
  File "/opt/airflow/dags/elt_duckdb_pipeline.py", line 28, in limpiar_tablas
    conn = duckdb.connect(DB_PATH)
           ^^^^^^^^^^^^^^^^^^^^^^^
_duckdb.IOException: IO Error: Cannot open file "/opt/***/dw.duckdb": Permission denied
[2026-02-26T09:39:29.739+0000] {taskinstance.py:1205} INFO - Marking task as FAILED. dag_id=elt_duckdb_pipeline, task_id=limpiar_tablas, execution_date=20260226T093713, start_date=20260226T093929, end_date=20260226T093929
[2026-02-26T09:39:29.749+0000] {standard_task_runner.py:110} ERROR - Failed to execute job 39 for task limpiar_tablas (IO Error: Cannot open file "/opt/***/dw.duckdb": Permission denied; 151)
[2026-02-26T09:39:29.777+0000] {local_task_job_runner.py:240} INFO - Task exited with return code 1
[2026-02-26T09:39:29.814+0000] {taskinstance.py:3482} INFO - 0 downstream tasks scheduled from follow-on schedule check
[2026-02-26T09:39:29.819+0000] {local_task_job_runner.py:222} INFO - ::endgroup::
