[2026-02-26T10:00:11.051+0000] {local_task_job_runner.py:120} INFO - ::group::Pre task execution logs
[2026-02-26T10:00:11.068+0000] {taskinstance.py:2073} INFO - Dependencies all met for dep_context=non-requeueable deps ti=<TaskInstance: elt_duckdb_pipeline.transformar_datos manual__2026-02-26T10:00:00+00:00 [queued]>
[2026-02-26T10:00:11.075+0000] {taskinstance.py:2073} INFO - Dependencies all met for dep_context=requeueable deps ti=<TaskInstance: elt_duckdb_pipeline.transformar_datos manual__2026-02-26T10:00:00+00:00 [queued]>
[2026-02-26T10:00:11.076+0000] {taskinstance.py:2303} INFO - Starting attempt 1 of 2
[2026-02-26T10:00:11.086+0000] {taskinstance.py:2327} INFO - Executing <Task(_PythonDecoratedOperator): transformar_datos> on 2026-02-26 10:00:00+00:00
[2026-02-26T10:00:11.097+0000] {warnings.py:110} WARNING - /home/***/.local/lib/python3.12/site-packages/***/task/task_runner/standard_task_runner.py:61: DeprecationWarning: This process (pid=416) is multi-threaded, use of fork() may lead to deadlocks in the child.
  pid = os.fork()

[2026-02-26T10:00:11.099+0000] {standard_task_runner.py:63} INFO - Started process 418 to run task
[2026-02-26T10:00:11.097+0000] {standard_task_runner.py:90} INFO - Running: ['***', 'tasks', 'run', 'elt_duckdb_pipeline', 'transformar_datos', 'manual__2026-02-26T10:00:00+00:00', '--job-id', '48', '--raw', '--subdir', 'DAGS_FOLDER/elt_duckdb_pipeline.py', '--cfg-path', '/tmp/tmpp0f1bg24']
[2026-02-26T10:00:11.100+0000] {standard_task_runner.py:91} INFO - Job 48: Subtask transformar_datos
[2026-02-26T10:00:11.158+0000] {task_command.py:426} INFO - Running <TaskInstance: elt_duckdb_pipeline.transformar_datos manual__2026-02-26T10:00:00+00:00 [running]> on host 27b7fbfc811d
[2026-02-26T10:00:11.427+0000] {taskinstance.py:2644} INFO - Exporting env vars: AIRFLOW_CTX_DAG_OWNER='data_engineer' AIRFLOW_CTX_DAG_ID='elt_duckdb_pipeline' AIRFLOW_CTX_TASK_ID='transformar_datos' AIRFLOW_CTX_EXECUTION_DATE='2026-02-26T10:00:00+00:00' AIRFLOW_CTX_TRY_NUMBER='1' AIRFLOW_CTX_DAG_RUN_ID='manual__2026-02-26T10:00:00+00:00'
[2026-02-26T10:00:11.430+0000] {taskinstance.py:430} INFO - ::endgroup::
[2026-02-26T10:00:14.065+0000] {elt_duckdb_pipeline.py:94} INFO - Registros antes: 700700
[2026-02-26T10:00:14.065+0000] {elt_duckdb_pipeline.py:95} INFO - Registros después: 563951
[2026-02-26T10:00:14.065+0000] {elt_duckdb_pipeline.py:96} INFO - Registros eliminados: 136749
[2026-02-26T10:00:14.079+0000] {python.py:237} INFO - Done. Returned value was: None
[2026-02-26T10:00:14.080+0000] {taskinstance.py:441} INFO - ::group::Post task execution logs
[2026-02-26T10:00:14.088+0000] {taskinstance.py:1205} INFO - Marking task as SUCCESS. dag_id=elt_duckdb_pipeline, task_id=transformar_datos, execution_date=20260226T100000, start_date=20260226T100011, end_date=20260226T100014
[2026-02-26T10:00:14.133+0000] {local_task_job_runner.py:240} INFO - Task exited with return code 0
[2026-02-26T10:00:14.150+0000] {taskinstance.py:3482} INFO - 1 downstream tasks scheduled from follow-on schedule check
[2026-02-26T10:00:14.152+0000] {local_task_job_runner.py:222} INFO - ::endgroup::
