[2026-02-26T09:20:55.968+0000] {local_task_job_runner.py:120} INFO - ::group::Pre task execution logs
[2026-02-26T09:20:55.998+0000] {taskinstance.py:2073} INFO - Dependencies all met for dep_context=non-requeueable deps ti=<TaskInstance: elt_duckdb_pipeline.metricas_finales manual__2026-02-26T09:20:35.954651+00:00 [queued]>
[2026-02-26T09:20:56.007+0000] {taskinstance.py:2073} INFO - Dependencies all met for dep_context=requeueable deps ti=<TaskInstance: elt_duckdb_pipeline.metricas_finales manual__2026-02-26T09:20:35.954651+00:00 [queued]>
[2026-02-26T09:20:56.007+0000] {taskinstance.py:2303} INFO - Starting attempt 1 of 2
[2026-02-26T09:20:56.022+0000] {taskinstance.py:2327} INFO - Executing <Task(_PythonDecoratedOperator): metricas_finales> on 2026-02-26 09:20:35.954651+00:00
[2026-02-26T09:20:56.036+0000] {warnings.py:110} WARNING - /home/***/.local/lib/python3.12/site-packages/***/task/task_runner/standard_task_runner.py:61: DeprecationWarning: This process (pid=313) is multi-threaded, use of fork() may lead to deadlocks in the child.
  pid = os.fork()

[2026-02-26T09:20:56.042+0000] {standard_task_runner.py:63} INFO - Started process 315 to run task
[2026-02-26T09:20:56.041+0000] {standard_task_runner.py:90} INFO - Running: ['***', 'tasks', 'run', 'elt_duckdb_pipeline', 'metricas_finales', 'manual__2026-02-26T09:20:35.954651+00:00', '--job-id', '35', '--raw', '--subdir', 'DAGS_FOLDER/elt_duckdb_pipeline.py', '--cfg-path', '/tmp/tmp96hwqs1f']
[2026-02-26T09:20:56.045+0000] {standard_task_runner.py:91} INFO - Job 35: Subtask metricas_finales
[2026-02-26T09:20:56.129+0000] {task_command.py:426} INFO - Running <TaskInstance: elt_duckdb_pipeline.metricas_finales manual__2026-02-26T09:20:35.954651+00:00 [running]> on host f4735addd4b6
[2026-02-26T09:20:56.405+0000] {taskinstance.py:2644} INFO - Exporting env vars: AIRFLOW_CTX_DAG_OWNER='data_engineer' AIRFLOW_CTX_DAG_ID='elt_duckdb_pipeline' AIRFLOW_CTX_TASK_ID='metricas_finales' AIRFLOW_CTX_EXECUTION_DATE='2026-02-26T09:20:35.954651+00:00' AIRFLOW_CTX_TRY_NUMBER='1' AIRFLOW_CTX_DAG_RUN_ID='manual__2026-02-26T09:20:35.954651+00:00'
[2026-02-26T09:20:56.411+0000] {taskinstance.py:430} INFO - ::endgroup::
[2026-02-26T09:20:56.682+0000] {elt_duckdb_pipeline.py:114} INFO -     total  promedio_utilidad  max_utilidad
0  563951          1503.8932        7999.0
[2026-02-26T09:20:56.696+0000] {python.py:237} INFO - Done. Returned value was: None
[2026-02-26T09:20:56.700+0000] {taskinstance.py:441} INFO - ::group::Post task execution logs
[2026-02-26T09:20:56.732+0000] {taskinstance.py:1205} INFO - Marking task as SUCCESS. dag_id=elt_duckdb_pipeline, task_id=metricas_finales, execution_date=20260226T092035, start_date=20260226T092055, end_date=20260226T092056
[2026-02-26T09:20:56.841+0000] {local_task_job_runner.py:240} INFO - Task exited with return code 0
[2026-02-26T09:20:56.893+0000] {taskinstance.py:3482} INFO - 0 downstream tasks scheduled from follow-on schedule check
[2026-02-26T09:20:56.899+0000] {local_task_job_runner.py:222} INFO - ::endgroup::
