[2026-02-26T09:20:49.199+0000] {local_task_job_runner.py:120} INFO - ::group::Pre task execution logs
[2026-02-26T09:20:49.231+0000] {taskinstance.py:2073} INFO - Dependencies all met for dep_context=non-requeueable deps ti=<TaskInstance: elt_duckdb_pipeline.transformar_datos manual__2026-02-26T09:20:35.954651+00:00 [queued]>
[2026-02-26T09:20:49.243+0000] {taskinstance.py:2073} INFO - Dependencies all met for dep_context=requeueable deps ti=<TaskInstance: elt_duckdb_pipeline.transformar_datos manual__2026-02-26T09:20:35.954651+00:00 [queued]>
[2026-02-26T09:20:49.244+0000] {taskinstance.py:2303} INFO - Starting attempt 1 of 2
[2026-02-26T09:20:49.261+0000] {taskinstance.py:2327} INFO - Executing <Task(_PythonDecoratedOperator): transformar_datos> on 2026-02-26 09:20:35.954651+00:00
[2026-02-26T09:20:49.279+0000] {warnings.py:110} WARNING - /home/***/.local/lib/python3.12/site-packages/***/task/task_runner/standard_task_runner.py:61: DeprecationWarning: This process (pid=301) is multi-threaded, use of fork() may lead to deadlocks in the child.
  pid = os.fork()

[2026-02-26T09:20:49.282+0000] {standard_task_runner.py:63} INFO - Started process 303 to run task
[2026-02-26T09:20:49.281+0000] {standard_task_runner.py:90} INFO - Running: ['***', 'tasks', 'run', 'elt_duckdb_pipeline', 'transformar_datos', 'manual__2026-02-26T09:20:35.954651+00:00', '--job-id', '34', '--raw', '--subdir', 'DAGS_FOLDER/elt_duckdb_pipeline.py', '--cfg-path', '/tmp/tmpep0x6nox']
[2026-02-26T09:20:49.286+0000] {standard_task_runner.py:91} INFO - Job 34: Subtask transformar_datos
[2026-02-26T09:20:49.354+0000] {task_command.py:426} INFO - Running <TaskInstance: elt_duckdb_pipeline.transformar_datos manual__2026-02-26T09:20:35.954651+00:00 [running]> on host f4735addd4b6
[2026-02-26T09:20:49.583+0000] {taskinstance.py:2644} INFO - Exporting env vars: AIRFLOW_CTX_DAG_OWNER='data_engineer' AIRFLOW_CTX_DAG_ID='elt_duckdb_pipeline' AIRFLOW_CTX_TASK_ID='transformar_datos' AIRFLOW_CTX_EXECUTION_DATE='2026-02-26T09:20:35.954651+00:00' AIRFLOW_CTX_TRY_NUMBER='1' AIRFLOW_CTX_DAG_RUN_ID='manual__2026-02-26T09:20:35.954651+00:00'
[2026-02-26T09:20:49.584+0000] {taskinstance.py:430} INFO - ::endgroup::
[2026-02-26T09:20:51.538+0000] {elt_duckdb_pipeline.py:94} INFO - Registros antes: 700700
[2026-02-26T09:20:51.542+0000] {elt_duckdb_pipeline.py:95} INFO - Registros después: 563951
[2026-02-26T09:20:51.543+0000] {elt_duckdb_pipeline.py:96} INFO - Registros eliminados: 136749
[2026-02-26T09:20:51.580+0000] {python.py:237} INFO - Done. Returned value was: None
[2026-02-26T09:20:51.583+0000] {taskinstance.py:441} INFO - ::group::Post task execution logs
[2026-02-26T09:20:51.596+0000] {taskinstance.py:1205} INFO - Marking task as SUCCESS. dag_id=elt_duckdb_pipeline, task_id=transformar_datos, execution_date=20260226T092035, start_date=20260226T092049, end_date=20260226T092051
[2026-02-26T09:20:51.650+0000] {local_task_job_runner.py:240} INFO - Task exited with return code 0
[2026-02-26T09:20:51.691+0000] {taskinstance.py:3482} INFO - 1 downstream tasks scheduled from follow-on schedule check
[2026-02-26T09:20:51.698+0000] {local_task_job_runner.py:222} INFO - ::endgroup::
