[2026-02-26T09:54:16.897+0000] {local_task_job_runner.py:120} INFO - ::group::Pre task execution logs
[2026-02-26T09:54:17.107+0000] {taskinstance.py:2073} INFO - Dependencies all met for dep_context=non-requeueable deps ti=<TaskInstance: elt_duckdb_pipeline.limpiar_tablas manual__2026-02-26T09:54:05+00:00 [queued]>
[2026-02-26T09:54:17.154+0000] {taskinstance.py:2073} INFO - Dependencies all met for dep_context=requeueable deps ti=<TaskInstance: elt_duckdb_pipeline.limpiar_tablas manual__2026-02-26T09:54:05+00:00 [queued]>
[2026-02-26T09:54:17.154+0000] {taskinstance.py:2303} INFO - Starting attempt 1 of 2
[2026-02-26T09:54:17.206+0000] {taskinstance.py:2327} INFO - Executing <Task(_PythonDecoratedOperator): limpiar_tablas> on 2026-02-26 09:54:05+00:00
[2026-02-26T09:54:17.264+0000] {warnings.py:110} WARNING - /home/***/.local/lib/python3.12/site-packages/***/task/task_runner/standard_task_runner.py:61: DeprecationWarning: This process (pid=324) is multi-threaded, use of fork() may lead to deadlocks in the child.
  pid = os.fork()

[2026-02-26T09:54:17.269+0000] {standard_task_runner.py:63} INFO - Started process 326 to run task
[2026-02-26T09:54:17.268+0000] {standard_task_runner.py:90} INFO - Running: ['***', 'tasks', 'run', 'elt_duckdb_pipeline', 'limpiar_tablas', 'manual__2026-02-26T09:54:05+00:00', '--job-id', '42', '--raw', '--subdir', 'DAGS_FOLDER/elt_duckdb_pipeline.py', '--cfg-path', '/tmp/tmp0p7tzq2f']
[2026-02-26T09:54:17.285+0000] {standard_task_runner.py:91} INFO - Job 42: Subtask limpiar_tablas
[2026-02-26T09:54:17.463+0000] {task_command.py:426} INFO - Running <TaskInstance: elt_duckdb_pipeline.limpiar_tablas manual__2026-02-26T09:54:05+00:00 [running]> on host 27b7fbfc811d
[2026-02-26T09:54:17.781+0000] {taskinstance.py:2644} INFO - Exporting env vars: AIRFLOW_CTX_DAG_OWNER='data_engineer' AIRFLOW_CTX_DAG_ID='elt_duckdb_pipeline' AIRFLOW_CTX_TASK_ID='limpiar_tablas' AIRFLOW_CTX_EXECUTION_DATE='2026-02-26T09:54:05+00:00' AIRFLOW_CTX_TRY_NUMBER='1' AIRFLOW_CTX_DAG_RUN_ID='manual__2026-02-26T09:54:05+00:00'
[2026-02-26T09:54:17.785+0000] {taskinstance.py:430} INFO - ::endgroup::
[2026-02-26T09:54:20.731+0000] {elt_duckdb_pipeline.py:31} INFO - Tablas eliminadas
[2026-02-26T09:54:20.772+0000] {python.py:237} INFO - Done. Returned value was: None
[2026-02-26T09:54:20.773+0000] {taskinstance.py:441} INFO - ::group::Post task execution logs
[2026-02-26T09:54:20.836+0000] {taskinstance.py:1205} INFO - Marking task as SUCCESS. dag_id=elt_duckdb_pipeline, task_id=limpiar_tablas, execution_date=20260226T095405, start_date=20260226T095417, end_date=20260226T095420
[2026-02-26T09:54:20.984+0000] {local_task_job_runner.py:240} INFO - Task exited with return code 0
[2026-02-26T09:54:21.133+0000] {taskinstance.py:3482} INFO - 1 downstream tasks scheduled from follow-on schedule check
[2026-02-26T09:54:21.150+0000] {local_task_job_runner.py:222} INFO - ::endgroup::
