[2026-02-26T09:54:23.558+0000] {local_task_job_runner.py:120} INFO - ::group::Pre task execution logs
[2026-02-26T09:54:23.581+0000] {taskinstance.py:2073} INFO - Dependencies all met for dep_context=non-requeueable deps ti=<TaskInstance: elt_duckdb_pipeline.cargar_staging manual__2026-02-26T09:54:05+00:00 [queued]>
[2026-02-26T09:54:23.586+0000] {taskinstance.py:2073} INFO - Dependencies all met for dep_context=requeueable deps ti=<TaskInstance: elt_duckdb_pipeline.cargar_staging manual__2026-02-26T09:54:05+00:00 [queued]>
[2026-02-26T09:54:23.587+0000] {taskinstance.py:2303} INFO - Starting attempt 1 of 2
[2026-02-26T09:54:23.598+0000] {taskinstance.py:2327} INFO - Executing <Task(_PythonDecoratedOperator): cargar_staging> on 2026-02-26 09:54:05+00:00
[2026-02-26T09:54:23.607+0000] {warnings.py:110} WARNING - /home/***/.local/lib/python3.12/site-packages/***/task/task_runner/standard_task_runner.py:61: DeprecationWarning: This process (pid=329) is multi-threaded, use of fork() may lead to deadlocks in the child.
  pid = os.fork()

[2026-02-26T09:54:23.608+0000] {standard_task_runner.py:63} INFO - Started process 331 to run task
[2026-02-26T09:54:23.607+0000] {standard_task_runner.py:90} INFO - Running: ['***', 'tasks', 'run', 'elt_duckdb_pipeline', 'cargar_staging', 'manual__2026-02-26T09:54:05+00:00', '--job-id', '43', '--raw', '--subdir', 'DAGS_FOLDER/elt_duckdb_pipeline.py', '--cfg-path', '/tmp/tmpqfuky5t4']
[2026-02-26T09:54:23.610+0000] {standard_task_runner.py:91} INFO - Job 43: Subtask cargar_staging
[2026-02-26T09:54:23.642+0000] {task_command.py:426} INFO - Running <TaskInstance: elt_duckdb_pipeline.cargar_staging manual__2026-02-26T09:54:05+00:00 [running]> on host 27b7fbfc811d
[2026-02-26T09:54:23.714+0000] {taskinstance.py:2644} INFO - Exporting env vars: AIRFLOW_CTX_DAG_OWNER='data_engineer' AIRFLOW_CTX_DAG_ID='elt_duckdb_pipeline' AIRFLOW_CTX_TASK_ID='cargar_staging' AIRFLOW_CTX_EXECUTION_DATE='2026-02-26T09:54:05+00:00' AIRFLOW_CTX_TRY_NUMBER='1' AIRFLOW_CTX_DAG_RUN_ID='manual__2026-02-26T09:54:05+00:00'
[2026-02-26T09:54:23.716+0000] {taskinstance.py:430} INFO - ::endgroup::
[2026-02-26T09:54:25.814+0000] {elt_duckdb_pipeline.py:47} INFO - Total registros en STAGING: 700700
[2026-02-26T09:54:25.865+0000] {python.py:237} INFO - Done. Returned value was: None
[2026-02-26T09:54:25.868+0000] {taskinstance.py:441} INFO - ::group::Post task execution logs
[2026-02-26T09:54:25.909+0000] {taskinstance.py:1205} INFO - Marking task as SUCCESS. dag_id=elt_duckdb_pipeline, task_id=cargar_staging, execution_date=20260226T095405, start_date=20260226T095423, end_date=20260226T095425
[2026-02-26T09:54:26.075+0000] {local_task_job_runner.py:240} INFO - Task exited with return code 0
[2026-02-26T09:54:26.203+0000] {taskinstance.py:3482} INFO - 1 downstream tasks scheduled from follow-on schedule check
[2026-02-26T09:54:26.206+0000] {local_task_job_runner.py:222} INFO - ::endgroup::
